  课堂2.c
D:\课堂编程\课堂编程\课堂2\课堂2.c(349,5): error C2086: “int a[10]”: 重定义
D:\课堂编程\课堂编程\课堂2\课堂2.c(309): message : 参见“a”的声明
D:\课堂编程\课堂编程\课堂2\课堂2.c(353,5): error C2086: “int i”: 重定义
D:\课堂编程\课堂编程\课堂2\课堂2.c(307): message : 参见“i”的声明
D:\课堂编程\课堂编程\课堂2\课堂2.c(389,2): error C2143: 语法错误: 缺少“;”(在“{”的前面)
D:\课堂编程\课堂编程\课堂2\课堂2.c(406,2): error C2143: 语法错误: 缺少“;”(在“{”的前面)
D:\课堂编程\课堂编程\课堂2\课堂2.c(413,25): error C2109: 下标要求数组或指针类型
D:\课堂编程\课堂编程\课堂2\课堂2.c(413,12): warning C4473: “printf”: 没有为格式字符串传递足够的参数
D:\课堂编程\课堂编程\课堂2\课堂2.c(413,12): message : 占位符和其参数预计 1 可变参数，但提供的却是 0 参数
D:\课堂编程\课堂编程\课堂2\课堂2.c(413,12): message : 缺失的可变参数 1 为格式字符串“%d”所需
D:\课堂编程\课堂编程\课堂2\课堂2.c(421,7): error C2040: “a”:“int”与“int [10]”的间接寻址级别不同
D:\课堂编程\课堂编程\课堂2\课堂2.c(422,7): error C2374: “n”: 重定义；多次初始化
D:\课堂编程\课堂编程\课堂2\课堂2.c(348): message : 参见“n”的声明
D:\课堂编程\课堂编程\课堂2\课堂2.c(424,7): error C2086: “int i”: 重定义
D:\课堂编程\课堂编程\课堂2\课堂2.c(307): message : 参见“i”的声明
D:\课堂编程\课堂编程\课堂2\课堂2.c(426,20): warning C4047: “<”:“int”与“int [10]”的间接级别不同
D:\课堂编程\课堂编程\课堂2\课堂2.c(501,7): error C2374: “n”: 重定义；多次初始化
D:\课堂编程\课堂编程\课堂2\课堂2.c(348): message : 参见“n”的声明
D:\课堂编程\课堂编程\课堂2\课堂2.c(502,7): error C2086: “int a[10]”: 重定义
D:\课堂编程\课堂编程\课堂2\课堂2.c(309): message : 参见“a”的声明
D:\课堂编程\课堂编程\课堂2\课堂2.c(503,7): error C2086: “int i”: 重定义
D:\课堂编程\课堂编程\课堂2\课堂2.c(307): message : 参见“i”的声明
D:\课堂编程\课堂编程\课堂2\课堂2.c(512,7): error C2086: “int j”: 重定义
D:\课堂编程\课堂编程\课堂2\课堂2.c(307): message : 参见“j”的声明
D:\课堂编程\课堂编程\课堂2\课堂2.c(513,7): error C2374: “flag”: 重定义；多次初始化
D:\课堂编程\课堂编程\课堂2\课堂2.c(310): message : 参见“flag”的声明
D:\课堂编程\课堂编程\课堂2\课堂2.c(538,5): error C2086: “int i”: 重定义
D:\课堂编程\课堂编程\课堂2\课堂2.c(307): message : 参见“i”的声明
D:\课堂编程\课堂编程\课堂2\课堂2.c(539,12): warning C4142: "flag": 类型的良性重定义
D:\课堂编程\课堂编程\课堂2\课堂2.c(310): message : 参见“flag”的声明
D:\课堂编程\课堂编程\课堂2\课堂2.c(539,7): error C2374: “flag”: 重定义；多次初始化
D:\课堂编程\课堂编程\课堂2\课堂2.c(310): message : 参见“flag”的声明
D:\课堂编程\课堂编程\课堂2\课堂2.c(540,5): error C2369: “a”: 重定义；不同的下标
D:\课堂编程\课堂编程\课堂2\课堂2.c(309): message : 参见“a”的声明
D:\课堂编程\课堂编程\课堂2\课堂2.c(542,11): warning C4142: "sum": 类型的良性重定义
D:\课堂编程\课堂编程\课堂2\课堂2.c(425): message : 参见“sum”的声明
D:\课堂编程\课堂编程\课堂2\课堂2.c(542,7): error C2374: “sum”: 重定义；多次初始化
D:\课堂编程\课堂编程\课堂2\课堂2.c(425): message : 参见“sum”的声明
D:\课堂编程\课堂编程\课堂2\课堂2.c(557,8): warning C4477: “printf”: 格式字符串“%.2f”需要类型“double”的参数，但可变参数 1 拥有了类型“int”
D:\课堂编程\课堂编程\课堂2\课堂2.c(560,5): error C2374: “n”: 重定义；多次初始化
D:\课堂编程\课堂编程\课堂2\课堂2.c(348): message : 参见“n”的声明
D:\课堂编程\课堂编程\课堂2\课堂2.c(561,5): error C2086: “int a[10]”: 重定义
D:\课堂编程\课堂编程\课堂2\课堂2.c(309): message : 参见“a”的声明
D:\课堂编程\课堂编程\课堂2\课堂2.c(562,5): error C2086: “int i”: 重定义
D:\课堂编程\课堂编程\课堂2\课堂2.c(307): message : 参见“i”的声明
D:\课堂编程\课堂编程\课堂2\课堂2.c(574,5): error C2086: “int j”: 重定义
D:\课堂编程\课堂编程\课堂2\课堂2.c(307): message : 参见“j”的声明
D:\课堂编程\课堂编程\课堂2\课堂2.c(597,8): error C2374: “n”: 重定义；多次初始化
D:\课堂编程\课堂编程\课堂2\课堂2.c(348): message : 参见“n”的声明
D:\课堂编程\课堂编程\课堂2\课堂2.c(598,8): error C2086: “int i”: 重定义
D:\课堂编程\课堂编程\课堂2\课堂2.c(307): message : 参见“i”的声明
D:\课堂编程\课堂编程\课堂2\课堂2.c(599,8): error C2086: “int j”: 重定义
D:\课堂编程\课堂编程\课堂2\课堂2.c(307): message : 参见“j”的声明
D:\课堂编程\课堂编程\课堂2\课堂2.c(602,8): error C2086: “int a[10]”: 重定义
D:\课堂编程\课堂编程\课堂2\课堂2.c(309): message : 参见“a”的声明
D:\课堂编程\课堂编程\课堂2\课堂2.c(655,8): error C2374: “n”: 重定义；多次初始化
D:\课堂编程\课堂编程\课堂2\课堂2.c(348): message : 参见“n”的声明
D:\课堂编程\课堂编程\课堂2\课堂2.c(659,8): error C2086: “int i”: 重定义
D:\课堂编程\课堂编程\课堂2\课堂2.c(307): message : 参见“i”的声明
D:\课堂编程\课堂编程\课堂2\课堂2.c(660,8): error C2086: “int j”: 重定义
D:\课堂编程\课堂编程\课堂2\课堂2.c(307): message : 参见“j”的声明
D:\课堂编程\课堂编程\课堂2\课堂2.c(661,8): error C2040: “a”:“int [10][10]”与“int [10]”的间接寻址级别不同
D:\课堂编程\课堂编程\课堂2\课堂2.c(666,25): error C2109: 下标要求数组或指针类型
D:\课堂编程\课堂编程\课堂2\课堂2.c(666,12): warning C4473: “scanf”: 没有为格式字符串传递足够的参数
D:\课堂编程\课堂编程\课堂2\课堂2.c(666,12): message : 占位符和其参数预计 1 可变参数，但提供的却是 0 参数
D:\课堂编程\课堂编程\课堂2\课堂2.c(666,12): message : 缺失的可变参数 1 为格式字符串“%d”所需
D:\课堂编程\课堂编程\课堂2\课堂2.c(671,8): error C2374: “flag”: 重定义；多次初始化
D:\课堂编程\课堂编程\课堂2\课堂2.c(310): message : 参见“flag”的声明
D:\课堂编程\课堂编程\课堂2\课堂2.c(679,18): error C2109: 下标要求数组或指针类型
D:\课堂编程\课堂编程\课堂2\课堂2.c(679,28): error C2109: 下标要求数组或指针类型
D:\课堂编程\课堂编程\课堂2\课堂2.c(693,18): error C2109: 下标要求数组或指针类型
D:\课堂编程\课堂编程\课堂2\课堂2.c(693,30): error C2109: 下标要求数组或指针类型
D:\课堂编程\课堂编程\课堂2\课堂2.c(702,45): error C2109: 下标要求数组或指针类型
D:\课堂编程\课堂编程\课堂2\课堂2.c(702,13): warning C4473: “printf”: 没有为格式字符串传递足够的参数
D:\课堂编程\课堂编程\课堂2\课堂2.c(702,13): message : 占位符和其参数预计 3 可变参数，但提供的却是 2 参数
D:\课堂编程\课堂编程\课堂2\课堂2.c(702,13): message : 缺失的可变参数 3 为格式字符串“%d”所需
D:\课堂编程\课堂编程\课堂2\课堂2.c(720,8): error C2086: “int n”: 重定义
D:\课堂编程\课堂编程\课堂2\课堂2.c(348): message : 参见“n”的声明
D:\课堂编程\课堂编程\课堂2\课堂2.c(722,8): error C2369: “a”: 重定义；不同的下标
D:\课堂编程\课堂编程\课堂2\课堂2.c(309): message : 参见“a”的声明
D:\课堂编程\课堂编程\课堂2\课堂2.c(724,8): error C2086: “int i”: 重定义
D:\课堂编程\课堂编程\课堂2\课堂2.c(307): message : 参见“i”的声明
D:\课堂编程\课堂编程\课堂2\课堂2.c(724,11): error C2086: “int j”: 重定义
D:\课堂编程\课堂编程\课堂2\课堂2.c(307): message : 参见“j”的声明
D:\课堂编程\课堂编程\课堂2\课堂2.c(729,25): error C2109: 下标要求数组或指针类型
D:\课堂编程\课堂编程\课堂2\课堂2.c(729,12): warning C4473: “scanf”: 没有为格式字符串传递足够的参数
D:\课堂编程\课堂编程\课堂2\课堂2.c(729,12): message : 占位符和其参数预计 1 可变参数，但提供的却是 0 参数
D:\课堂编程\课堂编程\课堂2\课堂2.c(729,12): message : 缺失的可变参数 1 为格式字符串“%d”所需
D:\课堂编程\课堂编程\课堂2\课堂2.c(736,22): error C2109: 下标要求数组或指针类型
