  1.c
  三角形.c
  五级制成绩.c
  倍数.c
  分段函数.c
D:\课堂编程\课堂编程\分段函数.c(6,8): warning C4477: “scanf”: 格式字符串“%lf”需要类型“double *”的参数，但可变参数 1 拥有了类型“double”
D:\课堂编程\课堂编程\分段函数.c(14,8): error C2059: 语法错误:“数字上的错误后缀”
  改错.c
  改错2.c
D:\课堂编程\课堂编程\改错2.c(7,16): error C2143: 语法错误: 缺少“)”(在“字符串”的前面)
D:\课堂编程\课堂编程\改错2.c(7,16): error C2143: 语法错误: 缺少“;”(在“字符串”的前面)
D:\课堂编程\课堂编程\改错2.c(7,29): error C2059: 语法错误:“)”
D:\课堂编程\课堂编程\改错2.c(8,11): warning C4477: “scanf”: 格式字符串“%f”需要类型“float *”的参数，但可变参数 1 拥有了类型“double”
D:\课堂编程\课堂编程\改错2.c(11,11): error C2065: “y”: 未声明的标识符
D:\课堂编程\课堂编程\改错2.c(11,18): warning C4244: “=”: 从“float”转换到“int”，可能丢失数据
D:\课堂编程\课堂编程\改错2.c(14,11): error C2065: “y”: 未声明的标识符
D:\课堂编程\课堂编程\改错2.c(14,14): warning C4244: “=”: 从“float”转换到“int”，可能丢失数据
D:\课堂编程\课堂编程\改错2.c(16,27): error C2146: 语法错误: 缺少“)”(在标识符“x”的前面)
D:\课堂编程\课堂编程\改错2.c(16,12): warning C4473: “printf”: 没有为格式字符串传递足够的参数
D:\课堂编程\课堂编程\改错2.c(16,12): message : 占位符和其参数预计 2 可变参数，但提供的却是 0 参数
D:\课堂编程\课堂编程\改错2.c(16,12): message : 缺失的可变参数 1 为格式字符串“%f”所需
D:\课堂编程\课堂编程\改错2.c(16,30): error C2059: 语法错误:“)”
D:\课堂编程\课堂编程\改错2.c(4): fatal error C1075: “{”: 未找到匹配令牌
  比较.c
  税.c
D:\课堂编程\课堂编程\税.c(11,13): error C2059: 语法错误:“;”
D:\课堂编程\课堂编程\税.c(13,14): error C2059: 语法错误:“;”
D:\课堂编程\课堂编程\税.c(15,14): error C2059: 语法错误:“;”
D:\课堂编程\课堂编程\税.c(17,14): error C2059: 语法错误:“;”
  正在生成代码...
D:\课堂编程\课堂编程\三角形.c(6): error C4700: 使用了未初始化的局部变量“a”
D:\课堂编程\课堂编程\三角形.c(6): error C4700: 使用了未初始化的局部变量“b”
D:\课堂编程\课堂编程\三角形.c(6): error C4700: 使用了未初始化的局部变量“c”
